This is pdfTeX, Version 3.141592653-2.6-1.40.24 (TeX Live 2022) (preloaded format=pdflatex 2023.2.25)  27 FEB 2023 13:54
entering extended mode
 restricted \write18 enabled.
 %&-line parsing enabled.
**Report.tex
(./Report.tex
LaTeX2e <2022-11-01> patch level 1
L3 programming layer <2023-02-22> (c:/Users/Anton/AppData/Roaming/TinyTeX/texmf-dist/tex/latex/base/article.cls
Document Class: article 2022/07/02 v1.4n Standard LaTeX document class
(c:/Users/Anton/AppData/Roaming/TinyTeX/texmf-dist/tex/latex/base/size10.clo
File: size10.clo 2022/07/02 v1.4n Standard LaTeX file (size option)
)
\c@part=\count185
\c@section=\count186
\c@subsection=\count187
\c@subsubsection=\count188
\c@paragraph=\count189
\c@subparagraph=\count190
\c@figure=\count191
\c@table=\count192
\abovecaptionskip=\skip48
\belowcaptionskip=\skip49
\bibindent=\dimen140
) (c:/Users/Anton/AppData/Roaming/TinyTeX/texmf-dist/tex/latex/amsmath/amsmath.sty
Package: amsmath 2022/04/08 v2.17n AMS math features
\@mathmargin=\skip50
For additional information on amsmath, use the `?' option.
(c:/Users/Anton/AppData/Roaming/TinyTeX/texmf-dist/tex/latex/amsmath/amstext.sty
Package: amstext 2021/08/26 v2.01 AMS text
(c:/Users/Anton/AppData/Roaming/TinyTeX/texmf-dist/tex/latex/amsmath/amsgen.sty
File: amsgen.sty 1999/11/30 v2.0 generic functions
\@emptytoks=\toks16
\ex@=\dimen141
)) (c:/Users/Anton/AppData/Roaming/TinyTeX/texmf-dist/tex/latex/amsmath/amsbsy.sty
Package: amsbsy 1999/11/29 v1.2d Bold Symbols
\pmbraise@=\dimen142
) (c:/Users/Anton/AppData/Roaming/TinyTeX/texmf-dist/tex/latex/amsmath/amsopn.sty
Package: amsopn 2022/04/08 v2.04 operator names
)
\inf@bad=\count193
LaTeX Info: Redefining \frac on input line 234.
\uproot@=\count194
\leftroot@=\count195
LaTeX Info: Redefining \overline on input line 399.
LaTeX Info: Redefining \colon on input line 410.
\classnum@=\count196
\DOTSCASE@=\count197
LaTeX Info: Redefining \ldots on input line 496.
LaTeX Info: Redefining \dots on input line 499.
LaTeX Info: Redefining \cdots on input line 620.
\Mathstrutbox@=\box51
\strutbox@=\box52
LaTeX Info: Redefining \big on input line 722.
LaTeX Info: Redefining \Big on input line 723.
LaTeX Info: Redefining \bigg on input line 724.
LaTeX Info: Redefining \Bigg on input line 725.
\big@size=\dimen143
LaTeX Font Info:    Redeclaring font encoding OML on input line 743.
LaTeX Font Info:    Redeclaring font encoding OMS on input line 744.
\macc@depth=\count198
LaTeX Info: Redefining \bmod on input line 905.
LaTeX Info: Redefining \pmod on input line 910.
LaTeX Info: Redefining \smash on input line 940.
LaTeX Info: Redefining \relbar on input line 970.
LaTeX Info: Redefining \Relbar on input line 971.
\c@MaxMatrixCols=\count199
\dotsspace@=\muskip16
\c@parentequation=\count266
\dspbrk@lvl=\count267
\tag@help=\toks17
\row@=\count268
\column@=\count269
\maxfields@=\count270
\andhelp@=\toks18
\eqnshift@=\dimen144
\alignsep@=\dimen145
\tagshift@=\dimen146
\tagwidth@=\dimen147
\totwidth@=\dimen148
\lineht@=\dimen149
\@envbody=\toks19
\multlinegap=\skip51
\multlinetaggap=\skip52
\mathdisplay@stack=\toks20
LaTeX Info: Redefining \[ on input line 2953.
LaTeX Info: Redefining \] on input line 2954.
) (c:/Users/Anton/AppData/Roaming/TinyTeX/texmf-dist/tex/latex/amsfonts/amssymb.sty
Package: amssymb 2013/01/14 v3.01 AMS font symbols
(c:/Users/Anton/AppData/Roaming/TinyTeX/texmf-dist/tex/latex/amsfonts/amsfonts.sty
Package: amsfonts 2013/01/14 v3.01 Basic AMSFonts support
\symAMSa=\mathgroup4
\symAMSb=\mathgroup5
LaTeX Font Info:    Redeclaring math symbol \hbar on input line 98.
LaTeX Font Info:    Overwriting math alphabet `\mathfrak' in version `bold'
(Font)                  U/euf/m/n --> U/euf/b/n on input line 106.
)) (c:/Users/Anton/AppData/Roaming/TinyTeX/texmf-dist/tex/latex/playfair/PlayfairDisplay.sty
Package: PlayfairDisplay 2022/09/28 (Bob Tennent) Supports PlayfairDisplay fonts for all LaTeX engines. 
(c:/Users/Anton/AppData/Roaming/TinyTeX/texmf-dist/tex/generic/iftex/ifxetex.sty
Package: ifxetex 2019/10/25 v0.7 ifxetex legacy package. Use iftex instead.
(c:/Users/Anton/AppData/Roaming/TinyTeX/texmf-dist/tex/generic/iftex/iftex.sty
Package: iftex 2022/02/03 v1.0f TeX engine tests
)) (c:/Users/Anton/AppData/Roaming/TinyTeX/texmf-dist/tex/generic/iftex/ifluatex.sty
Package: ifluatex 2019/10/25 v1.5 ifluatex legacy package. Use iftex instead.
) (c:/Users/Anton/AppData/Roaming/TinyTeX/texmf-dist/tex/latex/base/textcomp.sty
Package: textcomp 2020/02/02 v2.0n Standard LaTeX package
) (c:/Users/Anton/AppData/Roaming/TinyTeX/texmf-dist/tex/latex/xkeyval/xkeyval.sty
Package: xkeyval 2022/06/16 v2.9 package option processing (HA)
(c:/Users/Anton/AppData/Roaming/TinyTeX/texmf-dist/tex/generic/xkeyval/xkeyval.tex (c:/Users/Anton/AppData/Roaming/TinyTeX/texmf-dist/tex/generic/xkeyval/xkvutils.tex
\XKV@toks=\toks21
\XKV@tempa@toks=\toks22
(c:/Users/Anton/AppData/Roaming/TinyTeX/texmf-dist/tex/generic/xkeyval/keyval.tex))
\XKV@depth=\count271
File: xkeyval.tex 2014/12/03 v2.7a key=value parser (HA)
)) (c:/Users/Anton/AppData/Roaming/TinyTeX/texmf-dist/tex/latex/base/fontenc.sty
Package: fontenc 2021/04/29 v2.0v Standard LaTeX package
) (c:/Users/Anton/AppData/Roaming/TinyTeX/texmf-dist/tex/latex/fontaxes/fontaxes.sty
Package: fontaxes 2020/07/21 v1.0e Font selection axes
LaTeX Info: Redefining \upshape on input line 29.
LaTeX Info: Redefining \itshape on input line 31.
LaTeX Info: Redefining \slshape on input line 33.
LaTeX Info: Redefining \swshape on input line 35.
LaTeX Info: Redefining \scshape on input line 37.
LaTeX Info: Redefining \sscshape on input line 39.
LaTeX Info: Redefining \ulcshape on input line 41.
LaTeX Info: Redefining \textsw on input line 47.
LaTeX Info: Redefining \textssc on input line 48.
LaTeX Info: Redefining \textulc on input line 49.
)) (c:/Users/Anton/AppData/Roaming/TinyTeX/texmf-dist/tex/latex/base/fontenc.sty
Package: fontenc 2021/04/29 v2.0v Standard LaTeX package
LaTeX Font Info:    Trying to load font information for T1+PlyfrDisplay-LF on input line 112.
(c:/Users/Anton/AppData/Roaming/TinyTeX/texmf-dist/tex/latex/playfair/T1PlyfrDisplay-LF.fd
File: T1PlyfrDisplay-LF.fd 2020/07/30 (autoinst) Font definitions for T1/PlyfrDisplay-LF.
)
LaTeX Font Info:    Font shape `T1/PlyfrDisplay-LF/m/n' aliased to
(Font)              `T1/PlyfrDisplay-LF/regular/n' on input line 112.
LaTeX Font Info:    Font shape `T1/PlyfrDisplay-LF/regular/n' will be
(Font)              scaled to size 10.0pt on input line 112.
) (c:/Users/Anton/AppData/Roaming/TinyTeX/texmf-dist/tex/latex/base/inputenc.sty
Package: inputenc 2021/02/14 v1.3d Input encoding file
\inpenc@prehook=\toks23
\inpenc@posthook=\toks24
) (c:/Users/Anton/AppData/Roaming/TinyTeX/texmf-dist/tex/latex/xcolor/xcolor.sty
Package: xcolor 2022/06/12 v2.14 LaTeX color extensions (UK)
(c:/Users/Anton/AppData/Roaming/TinyTeX/texmf-dist/tex/latex/graphics-cfg/color.cfg
File: color.cfg 2016/01/02 v1.6 sample color configuration
)
Package xcolor Info: Driver file: pdftex.def on input line 227.
(c:/Users/Anton/AppData/Roaming/TinyTeX/texmf-dist/tex/latex/graphics-def/pdftex.def
File: pdftex.def 2022/09/22 v1.2b Graphics/color driver for pdftex
) (c:/Users/Anton/AppData/Roaming/TinyTeX/texmf-dist/tex/latex/graphics/mathcolor.ltx)
Package xcolor Info: Model `cmy' substituted by `cmy0' on input line 1353.
Package xcolor Info: Model `hsb' substituted by `rgb' on input line 1357.
Package xcolor Info: Model `RGB' extended on input line 1369.
Package xcolor Info: Model `HTML' substituted by `rgb' on input line 1371.
Package xcolor Info: Model `Hsb' substituted by `hsb' on input line 1372.
Package xcolor Info: Model `tHsb' substituted by `hsb' on input line 1373.
Package xcolor Info: Model `HSB' substituted by `hsb' on input line 1374.
Package xcolor Info: Model `Gray' substituted by `gray' on input line 1375.
Package xcolor Info: Model `wave' substituted by `hsb' on input line 1376.
) (c:/Users/Anton/AppData/Roaming/TinyTeX/texmf-dist/tex/latex/geometry/geometry.sty
Package: geometry 2020/01/02 v5.9 Page Geometry
(c:/Users/Anton/AppData/Roaming/TinyTeX/texmf-dist/tex/generic/iftex/ifvtex.sty
Package: ifvtex 2019/10/25 v1.7 ifvtex legacy package. Use iftex instead.
)
\Gm@cnth=\count272
\Gm@cntv=\count273
\c@Gm@tempcnt=\count274
\Gm@bindingoffset=\dimen150
\Gm@wd@mp=\dimen151
\Gm@odd@mp=\dimen152
\Gm@even@mp=\dimen153
\Gm@layoutwidth=\dimen154
\Gm@layoutheight=\dimen155
\Gm@layouthoffset=\dimen156
\Gm@layoutvoffset=\dimen157
\Gm@dimlist=\toks25
) (c:/Users/Anton/AppData/Roaming/TinyTeX/texmf-dist/tex/latex/graphics/graphicx.sty
Package: graphicx 2021/09/16 v1.2d Enhanced LaTeX Graphics (DPC,SPQR)
(c:/Users/Anton/AppData/Roaming/TinyTeX/texmf-dist/tex/latex/graphics/graphics.sty
Package: graphics 2022/03/10 v1.4e Standard LaTeX Graphics (DPC,SPQR)
(c:/Users/Anton/AppData/Roaming/TinyTeX/texmf-dist/tex/latex/graphics/trig.sty
Package: trig 2021/08/11 v1.11 sin cos tan (DPC)
) (c:/Users/Anton/AppData/Roaming/TinyTeX/texmf-dist/tex/latex/graphics-cfg/graphics.cfg
File: graphics.cfg 2016/06/04 v1.11 sample graphics configuration
)
Package graphics Info: Driver file: pdftex.def on input line 107.
)
\Gin@req@height=\dimen158
\Gin@req@width=\dimen159
) (c:/Users/Anton/AppData/Roaming/TinyTeX/texmf-dist/tex/latex/booktabs/booktabs.sty
Package: booktabs 2020/01/12 v1.61803398 Publication quality tables
\heavyrulewidth=\dimen160
\lightrulewidth=\dimen161
\cmidrulewidth=\dimen162
\belowrulesep=\dimen163
\belowbottomsep=\dimen164
\aboverulesep=\dimen165
\abovetopsep=\dimen166
\cmidrulesep=\dimen167
\cmidrulekern=\dimen168
\defaultaddspace=\dimen169
\@cmidla=\count275
\@cmidlb=\count276
\@aboverulesep=\dimen170
\@belowrulesep=\dimen171
\@thisruleclass=\count277
\@lastruleclass=\count278
\@thisrulewidth=\dimen172
) (c:/Users/Anton/AppData/Roaming/TinyTeX/texmf-dist/tex/latex/fancyhdr/fancyhdr.sty
Package: fancyhdr 2022/11/09 v4.1 Extensive control of page headers and footers
\f@nch@headwidth=\skip53
\f@nch@O@elh=\skip54
\f@nch@O@erh=\skip55
\f@nch@O@olh=\skip56
\f@nch@O@orh=\skip57
\f@nch@O@elf=\skip58
\f@nch@O@erf=\skip59
\f@nch@O@olf=\skip60
\f@nch@O@orf=\skip61
) (c:/Users/Anton/AppData/Roaming/TinyTeX/texmf-dist/tex/latex/tools/longtable.sty
Package: longtable 2021-09-01 v4.17 Multi-page Table package (DPC)
\LTleft=\skip62
\LTright=\skip63
\LTpre=\skip64
\LTpost=\skip65
\LTchunksize=\count279
\LTcapwidth=\dimen173
\LT@head=\box53
\LT@firsthead=\box54
\LT@foot=\box55
\LT@lastfoot=\box56
\LT@gbox=\box57
\LT@cols=\count280
\LT@rows=\count281
\c@LT@tables=\count282
\c@LT@chunks=\count283
\LT@p@ftn=\toks26
) (c:/Users/Anton/AppData/Roaming/TinyTeX/texmf-dist/tex/latex/tools/array.sty
Package: array 2022/09/04 v2.5g Tabular extension package (FMi)
\col@sep=\dimen174
\ar@mcellbox=\box58
\extrarowheight=\dimen175
\NC@list=\toks27
\extratabsurround=\skip66
\backup@length=\skip67
\ar@cellbox=\box59
) (c:/Users/Anton/AppData/Roaming/TinyTeX/texmf-dist/tex/latex/multirow/multirow.sty
Package: multirow 2021/03/15 v2.8 Span multiple rows of a table
\multirow@colwidth=\skip68
\multirow@cntb=\count284
\multirow@dima=\skip69
\bigstrutjot=\dimen176
) (c:/Users/Anton/AppData/Roaming/TinyTeX/texmf-dist/tex/latex/wrapfig/wrapfig.sty
\wrapoverhang=\dimen177
\WF@size=\dimen178
\c@WF@wrappedlines=\count285
\WF@box=\box60
\WF@everypar=\toks28
Package: wrapfig 2003/01/31  v 3.6
) (c:/Users/Anton/AppData/Roaming/TinyTeX/texmf-dist/tex/latex/float/float.sty
Package: float 2001/11/08 v1.3d Float enhancements (AL)
\c@float@type=\count286
\float@exts=\toks29
\float@box=\box61
\@float@everytoks=\toks30
\@floatcapt=\box62
) (c:/Users/Anton/AppData/Roaming/TinyTeX/texmf-dist/tex/latex/colortbl/colortbl.sty
Package: colortbl 2022/06/20 v1.0f Color table columns (DPC)
\everycr=\toks31
\minrowclearance=\skip70
\rownum=\count287
) (c:/Users/Anton/AppData/Roaming/TinyTeX/texmf-dist/tex/latex/pdflscape/pdflscape.sty
Package: pdflscape 2022-10-27 v0.13 Display of landscape pages in PDF
(c:/Users/Anton/AppData/Roaming/TinyTeX/texmf-dist/tex/latex/pdflscape/pdflscape-nometadata.sty
Package: pdflscape-nometadata 2022-10-28 v0.13 Display of landscape pages in PDF (HO)
(c:/Users/Anton/AppData/Roaming/TinyTeX/texmf-dist/tex/latex/graphics/lscape.sty
Package: lscape 2020/05/28 v3.02 Landscape Pages (DPC)
)
Package pdflscape Info: Auto-detected driver: pdftex on input line 81.
)) (c:/Users/Anton/AppData/Roaming/TinyTeX/texmf-dist/tex/latex/tabu/tabu.sty
Package: tabu 2019/01/11 v2.9 - flexible LaTeX tabulars (FC+tabu-fixed)
(c:/Users/Anton/AppData/Roaming/TinyTeX/texmf-dist/tex/latex/varwidth/varwidth.sty
Package: varwidth 2009/03/30 ver 0.92;  Variable-width minipages
\@vwid@box=\box63
\sift@deathcycles=\count288
\@vwid@loff=\dimen179
\@vwid@roff=\dimen180
)
\c@taburow=\count289
\tabu@nbcols=\count290
\tabu@cnt=\count291
\tabu@Xcol=\count292
\tabu@alloc=\count293
\tabu@nested=\count294
\tabu@target=\dimen181
\tabu@spreadtarget=\dimen182
\tabu@naturalX=\dimen183
\tabucolX=\dimen184
\tabu@Xsum=\dimen185
\extrarowdepth=\dimen186
\abovetabulinesep=\dimen187
\belowtabulinesep=\dimen188
\tabustrutrule=\dimen189
\tabu@thebody=\toks32
\tabu@footnotes=\toks33
\tabu@box=\box64
\tabu@arstrutbox=\box65
\tabu@hleads=\box66
\tabu@vleads=\box67
\tabu@cellskip=\skip71
) (c:/Users/Anton/AppData/Roaming/TinyTeX/texmf-dist/tex/latex/threeparttable/threeparttable.sty
Package: threeparttable 2003/06/13  v 3.0
\@tempboxb=\box68
) (c:/Users/Anton/AppData/Roaming/TinyTeX/texmf-dist/tex/latex/threeparttablex/threeparttablex.sty
Package: threeparttablex 2013/07/23 v0.3 by daleif
(c:/Users/Anton/AppData/Roaming/TinyTeX/texmf-dist/tex/latex/environ/environ.sty
Package: environ 2014/05/04 v0.3 A new way to define environments
(c:/Users/Anton/AppData/Roaming/TinyTeX/texmf-dist/tex/latex/trimspaces/trimspaces.sty
Package: trimspaces 2009/09/17 v1.1 Trim spaces around a token list
))
\TPTL@width=\skip72
) (c:/Users/Anton/AppData/Roaming/TinyTeX/texmf-dist/tex/generic/ulem/ulem.sty
\UL@box=\box69
\UL@hyphenbox=\box70
\UL@skip=\skip73
\UL@hook=\toks34
\UL@height=\dimen190
\UL@pe=\count295
\UL@pixel=\dimen191
\ULC@box=\box71
Package: ulem 2019/11/18
\ULdepth=\dimen192
) (c:/Users/Anton/AppData/Roaming/TinyTeX/texmf-dist/tex/latex/makecell/makecell.sty
Package: makecell 2009/08/03 V0.1e Managing of Tab Column Heads and Cells
\rotheadsize=\dimen193
\c@nlinenum=\count296
\TeXr@lab=\toks35
) (c:/Users/Anton/AppData/Roaming/TinyTeX/texmf-dist/tex/latex/hyperref/hyperref.sty
Package: hyperref 2023-02-07 v7.00v Hypertext links for LaTeX
(c:/Users/Anton/AppData/Roaming/TinyTeX/texmf-dist/tex/generic/ltxcmds/ltxcmds.sty
Package: ltxcmds 2020-05-10 v1.25 LaTeX kernel commands for general use (HO)
) (c:/Users/Anton/AppData/Roaming/TinyTeX/texmf-dist/tex/generic/pdftexcmds/pdftexcmds.sty
Package: pdftexcmds 2020-06-27 v0.33 Utility functions of pdfTeX for LuaTeX (HO)
(c:/Users/Anton/AppData/Roaming/TinyTeX/texmf-dist/tex/generic/infwarerr/infwarerr.sty
Package: infwarerr 2019/12/03 v1.5 Providing info/warning/error messages (HO)
)
Package pdftexcmds Info: \pdf@primitive is available.
Package pdftexcmds Info: \pdf@ifprimitive is available.
Package pdftexcmds Info: \pdfdraftmode found.
) (c:/Users/Anton/AppData/Roaming/TinyTeX/texmf-dist/tex/latex/kvsetkeys/kvsetkeys.sty
Package: kvsetkeys 2022-10-05 v1.19 Key value parser (HO)
) (c:/Users/Anton/AppData/Roaming/TinyTeX/texmf-dist/tex/generic/kvdefinekeys/kvdefinekeys.sty
Package: kvdefinekeys 2019-12-19 v1.6 Define keys (HO)
) (c:/Users/Anton/AppData/Roaming/TinyTeX/texmf-dist/tex/generic/pdfescape/pdfescape.sty
Package: pdfescape 2019/12/09 v1.15 Implements pdfTeX's escape features (HO)
) (c:/Users/Anton/AppData/Roaming/TinyTeX/texmf-dist/tex/latex/hycolor/hycolor.sty
Package: hycolor 2020-01-27 v1.10 Color options for hyperref/bookmark (HO)
) (c:/Users/Anton/AppData/Roaming/TinyTeX/texmf-dist/tex/latex/letltxmacro/letltxmacro.sty
Package: letltxmacro 2019/12/03 v1.6 Let assignment for LaTeX macros (HO)
) (c:/Users/Anton/AppData/Roaming/TinyTeX/texmf-dist/tex/latex/auxhook/auxhook.sty
Package: auxhook 2019-12-17 v1.6 Hooks for auxiliary files (HO)
) (c:/Users/Anton/AppData/Roaming/TinyTeX/texmf-dist/tex/latex/hyperref/nameref.sty
Package: nameref 2022-05-17 v2.50 Cross-referencing by name of section
(c:/Users/Anton/AppData/Roaming/TinyTeX/texmf-dist/tex/latex/refcount/refcount.sty
Package: refcount 2019/12/15 v3.6 Data extraction from label references (HO)
) (c:/Users/Anton/AppData/Roaming/TinyTeX/texmf-dist/tex/generic/gettitlestring/gettitlestring.sty
Package: gettitlestring 2019/12/15 v1.6 Cleanup title references (HO)
(c:/Users/Anton/AppData/Roaming/TinyTeX/texmf-dist/tex/latex/kvoptions/kvoptions.sty
Package: kvoptions 2022-06-15 v3.15 Key value format for package options (HO)
))
\c@section@level=\count297
)
\@linkdim=\dimen194
\Hy@linkcounter=\count298
\Hy@pagecounter=\count299
(c:/Users/Anton/AppData/Roaming/TinyTeX/texmf-dist/tex/latex/hyperref/pd1enc.def
File: pd1enc.def 2023-02-07 v7.00v Hyperref: PDFDocEncoding definition (HO)
Now handling font encoding PD1 ...
... no UTF-8 mapping file for font encoding PD1
) (c:/Users/Anton/AppData/Roaming/TinyTeX/texmf-dist/tex/generic/intcalc/intcalc.sty
Package: intcalc 2019/12/15 v1.3 Expandable calculations with integers (HO)
) (c:/Users/Anton/AppData/Roaming/TinyTeX/texmf-dist/tex/generic/etexcmds/etexcmds.sty
Package: etexcmds 2019/12/15 v1.7 Avoid name clashes with e-TeX commands (HO)
)
\Hy@SavedSpaceFactor=\count300
(c:/Users/Anton/AppData/Roaming/TinyTeX/texmf-dist/tex/latex/hyperref/puenc.def
File: puenc.def 2023-02-07 v7.00v Hyperref: PDF Unicode definition (HO)
Now handling font encoding PU ...
... no UTF-8 mapping file for font encoding PU
)
Package hyperref Info: Option `unicode' set `true' on input line 4060.
Package hyperref Info: Hyper figures OFF on input line 4177.
Package hyperref Info: Link nesting OFF on input line 4182.
Package hyperref Info: Hyper index ON on input line 4185.
Package hyperref Info: Plain pages OFF on input line 4192.
Package hyperref Info: Backreferencing OFF on input line 4197.
Package hyperref Info: Implicit mode ON; LaTeX internals redefined.
Package hyperref Info: Bookmarks ON on input line 4425.
\c@Hy@tempcnt=\count301
(c:/Users/Anton/AppData/Roaming/TinyTeX/texmf-dist/tex/latex/url/url.sty
\Urlmuskip=\muskip17
Package: url 2013/09/16  ver 3.4  Verb mode for urls, etc.
)
LaTeX Info: Redefining \url on input line 4763.
\XeTeXLinkMargin=\dimen195
(c:/Users/Anton/AppData/Roaming/TinyTeX/texmf-dist/tex/generic/bitset/bitset.sty
Package: bitset 2019/12/09 v1.3 Handle bit-vector datatype (HO)
(c:/Users/Anton/AppData/Roaming/TinyTeX/texmf-dist/tex/generic/bigintcalc/bigintcalc.sty
Package: bigintcalc 2019/12/15 v1.5 Expandable calculations on big integers (HO)
))
\Fld@menulength=\count302
\Field@Width=\dimen196
\Fld@charsize=\dimen197
Package hyperref Info: Hyper figures OFF on input line 6042.
Package hyperref Info: Link nesting OFF on input line 6047.
Package hyperref Info: Hyper index ON on input line 6050.
Package hyperref Info: backreferencing OFF on input line 6057.
Package hyperref Info: Link coloring OFF on input line 6062.
Package hyperref Info: Link coloring with OCG OFF on input line 6067.
Package hyperref Info: PDF/A mode OFF on input line 6072.
(c:/Users/Anton/AppData/Roaming/TinyTeX/texmf-dist/tex/latex/base/atbegshi-ltx.sty
Package: atbegshi-ltx 2021/01/10 v1.0c Emulation of the original atbegshi
package with kernel methods
)
\Hy@abspage=\count303
\c@Item=\count304
\c@Hfootnote=\count305
)
Package hyperref Info: Driver (autodetected): hpdftex.
(c:/Users/Anton/AppData/Roaming/TinyTeX/texmf-dist/tex/latex/hyperref/hpdftex.def
File: hpdftex.def 2023-02-07 v7.00v Hyperref driver for pdfTeX
(c:/Users/Anton/AppData/Roaming/TinyTeX/texmf-dist/tex/latex/base/atveryend-ltx.sty
Package: atveryend-ltx 2020/08/19 v1.0a Emulation of the original atveryend package
with kernel methods
)
\Fld@listcount=\count306
\c@bookmark@seq@number=\count307
(c:/Users/Anton/AppData/Roaming/TinyTeX/texmf-dist/tex/latex/rerunfilecheck/rerunfilecheck.sty
Package: rerunfilecheck 2022-07-10 v1.10 Rerun checks for auxiliary files (HO)
(c:/Users/Anton/AppData/Roaming/TinyTeX/texmf-dist/tex/generic/uniquecounter/uniquecounter.sty
Package: uniquecounter 2019/12/15 v1.4 Provide unlimited unique counter (HO)
)
Package uniquecounter Info: New unique counter `rerunfilecheck' on input line 285.
)
\Hy@SectionHShift=\skip74
) (c:/Users/Anton/AppData/Roaming/TinyTeX/texmf-dist/tex/latex/l3backend/l3backend-pdftex.def
File: l3backend-pdftex.def 2023-01-16 L3 backend support: PDF output (pdfTeX)
\l__color_backend_stack_int=\count308
\l__pdf_internal_box=\box72
) (./Report.aux)
\openout1 = `Report.aux'.

LaTeX Font Info:    Checking defaults for OML/cmm/m/it on input line 87.
LaTeX Font Info:    ... okay on input line 87.
LaTeX Font Info:    Checking defaults for OMS/cmsy/m/n on input line 87.
LaTeX Font Info:    ... okay on input line 87.
LaTeX Font Info:    Checking defaults for OT1/cmr/m/n on input line 87.
LaTeX Font Info:    ... okay on input line 87.
LaTeX Font Info:    Checking defaults for T1/cmr/m/n on input line 87.
LaTeX Font Info:    ... okay on input line 87.
LaTeX Font Info:    Checking defaults for TS1/cmr/m/n on input line 87.
LaTeX Font Info:    ... okay on input line 87.
LaTeX Font Info:    Checking defaults for OMX/cmex/m/n on input line 87.
LaTeX Font Info:    ... okay on input line 87.
LaTeX Font Info:    Checking defaults for U/cmr/m/n on input line 87.
LaTeX Font Info:    ... okay on input line 87.
LaTeX Font Info:    Checking defaults for PD1/pdf/m/n on input line 87.
LaTeX Font Info:    ... okay on input line 87.
LaTeX Font Info:    Checking defaults for PU/pdf/m/n on input line 87.
LaTeX Font Info:    ... okay on input line 87.
\c@mv@tabular=\count309
\c@mv@boldtabular=\count310
(c:/Users/Anton/AppData/Roaming/TinyTeX/texmf-dist/tex/latex/epstopdf-pkg/epstopdf-base.sty
Package: epstopdf-base 2020-01-24 v2.11 Base part for package epstopdf
Package epstopdf-base Info: Redefining graphics rule for `.eps' on input line 485.
(c:/Users/Anton/AppData/Roaming/TinyTeX/texmf-dist/tex/latex/latexconfig/epstopdf-sys.cfg
File: epstopdf-sys.cfg 2010/07/13 v1.3 Configuration of (r)epstopdf for TeX Live
))
*geometry* driver: auto-detecting
*geometry* detected driver: pdftex
*geometry* verbose mode - [ preamble ] result:
* driver: pdftex
* paper: a4paper
* layout: <same size as paper>
* layoutoffset:(h,v)=(0.0pt,0.0pt)
* modes: 
* h-part:(L,W,R)=(72.26999pt, 452.9679pt, 72.26999pt)
* v-part:(T,H,B)=(72.26999pt, 700.50687pt, 72.26999pt)
* \paperwidth=597.50787pt
* \paperheight=845.04684pt
* \textwidth=452.9679pt
* \textheight=700.50687pt
* \oddsidemargin=0.0pt
* \evensidemargin=0.0pt
* \topmargin=-37.0pt
* \headheight=12.0pt
* \headsep=25.0pt
* \topskip=10.0pt
* \footskip=30.0pt
* \marginparwidth=57.0pt
* \marginparsep=11.0pt
* \columnsep=10.0pt
* \skip\footins=9.0pt plus 4.0pt minus 2.0pt
* \hoffset=0.0pt
* \voffset=0.0pt
* \mag=1000
* \@twocolumnfalse
* \@twosidefalse
* \@mparswitchfalse
* \@reversemarginfalse
* (1in=72.27pt=25.4mm, 1cm=28.453pt)

Package hyperref Info: Link coloring OFF on input line 87.
(./Report.out) (./Report.out)
\@outlinefile=\write3
\openout3 = `Report.out'.


Package fancyhdr Warning: \fancyfoot's `E' option without twoside option is useless.
(fancyhdr)                Please consider using the `twoside' option on input line 89.

LaTeX Font Info:    Font shape `T1/PlyfrDisplay-LF/m/n' aliased to
(Font)              `T1/PlyfrDisplay-LF/regular/n' on input line 91.
LaTeX Font Info:    Font shape `T1/PlyfrDisplay-LF/regular/n' will be
(Font)              scaled to size 20.74pt on input line 91.
LaTeX Font Info:    Font shape `T1/PlyfrDisplay-LF/b/n' aliased to
(Font)              `T1/PlyfrDisplay-LF/bold/n' on input line 94.
LaTeX Font Info:    Font shape `T1/PlyfrDisplay-LF/bold/n' will be
(Font)              scaled to size 20.74pt on input line 94.
LaTeX Font Info:    Font shape `T1/PlyfrDisplay-LF/m/n' aliased to
(Font)              `T1/PlyfrDisplay-LF/regular/n' on input line 94.
LaTeX Font Info:    Font shape `T1/PlyfrDisplay-LF/regular/n' will be
(Font)              scaled to size 12.0pt on input line 94.
LaTeX Font Info:    Font shape `T1/PlyfrDisplay-LF/b/n' aliased to
(Font)              `T1/PlyfrDisplay-LF/bold/n' on input line 96.
LaTeX Font Info:    Font shape `T1/PlyfrDisplay-LF/bold/n' will be
(Font)              scaled to size 12.0pt on input line 96.
<C:/BIB/2022/Analysis/Output/fig1.jpeg, id=4, 722.7pt x 361.35pt>
File: C:/BIB/2022/Analysis/Output/fig1.jpeg Graphic file (type jpg)
<use C:/BIB/2022/Analysis/Output/fig1.jpeg>
Package pdftex.def Info: C:/BIB/2022/Analysis/Output/fig1.jpeg  used on input line 98.
(pdftex.def)             Requested size: 452.96558pt x 226.48279pt.
<C:/BIB/2022/Analysis/Output/fig2.jpeg, id=5, 722.7pt x 361.35pt>
File: C:/BIB/2022/Analysis/Output/fig2.jpeg Graphic file (type jpg)
<use C:/BIB/2022/Analysis/Output/fig2.jpeg>
Package pdftex.def Info: C:/BIB/2022/Analysis/Output/fig2.jpeg  used on input line 105.
(pdftex.def)             Requested size: 452.96558pt x 226.48279pt.
LaTeX Font Info:    Font shape `T1/PlyfrDisplay-LF/m/it' aliased to
(Font)              `T1/PlyfrDisplay-LF/regular/it' on input line 108.
LaTeX Font Info:    Font shape `T1/PlyfrDisplay-LF/regular/it' will be
(Font)              scaled to size 10.0pt on input line 108.
LaTeX Font Info:    Trying to load font information for TS1+PlyfrDisplay-LF on input line 108.
(c:/Users/Anton/AppData/Roaming/TinyTeX/texmf-dist/tex/latex/playfair/TS1PlyfrDisplay-LF.fd
File: TS1PlyfrDisplay-LF.fd 2020/07/30 (autoinst) Font definitions for TS1/PlyfrDisplay-LF.
)
LaTeX Font Info:    Font shape `TS1/PlyfrDisplay-LF/m/n' aliased to
(Font)              `TS1/PlyfrDisplay-LF/regular/n' on input line 108.
LaTeX Font Info:    Font shape `TS1/PlyfrDisplay-LF/regular/n' will be
(Font)              scaled to size 10.0pt on input line 108.
LaTeX Font Info:    Font shape `T1/PlyfrDisplay-LF/b/n' aliased to
(Font)              `T1/PlyfrDisplay-LF/bold/n' on input line 108.
LaTeX Font Info:    Font shape `T1/PlyfrDisplay-LF/bold/n' will be
(Font)              scaled to size 10.0pt on input line 108.
[1

{c:/Users/Anton/AppData/Roaming/TinyTeX/texmf-var/fonts/map/pdftex/updmap/pdftex.map} <c:/BIB/2022/Analysis/Output/fig1.jpeg> <c:/BIB/2022/Analysis/Output/fig2.jpeg>]
<C:/BIB/2022/Analysis/Output/fig3.jpeg, id=15, 722.7pt x 361.35pt>
File: C:/BIB/2022/Analysis/Output/fig3.jpeg Graphic file (type jpg)
<use C:/BIB/2022/Analysis/Output/fig3.jpeg>
Package pdftex.def Info: C:/BIB/2022/Analysis/Output/fig3.jpeg  used on input line 112.
(pdftex.def)             Requested size: 452.96558pt x 226.48279pt.
<C:/BIB/2022/Analysis/Output/fig4.jpeg, id=16, 722.7pt x 361.35pt>
File: C:/BIB/2022/Analysis/Output/fig4.jpeg Graphic file (type jpg)
<use C:/BIB/2022/Analysis/Output/fig4.jpeg>
Package pdftex.def Info: C:/BIB/2022/Analysis/Output/fig4.jpeg  used on input line 119.
(pdftex.def)             Requested size: 452.96558pt x 226.48279pt.
[2 <c:/BIB/2022/Analysis/Output/fig3.jpeg> <c:/BIB/2022/Analysis/Output/fig4.jpeg>]
<C:/BIB/2022/Analysis/Output/fig5.jpeg, id=21, 722.7pt x 361.35pt>
File: C:/BIB/2022/Analysis/Output/fig5.jpeg Graphic file (type jpg)
<use C:/BIB/2022/Analysis/Output/fig5.jpeg>
Package pdftex.def Info: C:/BIB/2022/Analysis/Output/fig5.jpeg  used on input line 130.
(pdftex.def)             Requested size: 452.96558pt x 226.48279pt.
<C:/BIB/2022/Analysis/Output/fig6.jpeg, id=22, 722.7pt x 361.35pt>
File: C:/BIB/2022/Analysis/Output/fig6.jpeg Graphic file (type jpg)
<use C:/BIB/2022/Analysis/Output/fig6.jpeg>
Package pdftex.def Info: C:/BIB/2022/Analysis/Output/fig6.jpeg  used on input line 137.
(pdftex.def)             Requested size: 452.96558pt x 226.48279pt.
[3 <c:/BIB/2022/Analysis/Output/fig5.jpeg> <c:/BIB/2022/Analysis/Output/fig6.jpeg>]
<C:/BIB/2022/Analysis/Output/fig7.jpeg, id=27, 722.7pt x 361.35pt>
File: C:/BIB/2022/Analysis/Output/fig7.jpeg Graphic file (type jpg)
<use C:/BIB/2022/Analysis/Output/fig7.jpeg>
Package pdftex.def Info: C:/BIB/2022/Analysis/Output/fig7.jpeg  used on input line 144.
(pdftex.def)             Requested size: 452.96558pt x 226.48279pt.
<C:/BIB/2022/Analysis/Output/fig8.jpeg, id=28, 722.7pt x 361.35pt>
File: C:/BIB/2022/Analysis/Output/fig8.jpeg Graphic file (type jpg)
<use C:/BIB/2022/Analysis/Output/fig8.jpeg>
Package pdftex.def Info: C:/BIB/2022/Analysis/Output/fig8.jpeg  used on input line 152.
(pdftex.def)             Requested size: 452.96558pt x 226.48279pt.
[4 <c:/BIB/2022/Analysis/Output/fig7.jpeg> <c:/BIB/2022/Analysis/Output/fig8.jpeg>]
<C:/BIB/2022/Analysis/Output/fig9.jpeg, id=33, 722.7pt x 361.35pt>
File: C:/BIB/2022/Analysis/Output/fig9.jpeg Graphic file (type jpg)
<use C:/BIB/2022/Analysis/Output/fig9.jpeg>
Package pdftex.def Info: C:/BIB/2022/Analysis/Output/fig9.jpeg  used on input line 163.
(pdftex.def)             Requested size: 452.96558pt x 226.48279pt.
<C:/BIB/2022/Analysis/Output/fig10.jpeg, id=34, 722.7pt x 361.35pt>
File: C:/BIB/2022/Analysis/Output/fig10.jpeg Graphic file (type jpg)
<use C:/BIB/2022/Analysis/Output/fig10.jpeg>
Package pdftex.def Info: C:/BIB/2022/Analysis/Output/fig10.jpeg  used on input line 170.
(pdftex.def)             Requested size: 452.96558pt x 226.48279pt.
[5 <c:/BIB/2022/Analysis/Output/fig9.jpeg> <c:/BIB/2022/Analysis/Output/fig10.jpeg>]
<C:/BIB/2022/Analysis/Output/fig11.jpeg, id=39, 722.7pt x 361.35pt>
File: C:/BIB/2022/Analysis/Output/fig11.jpeg Graphic file (type jpg)
<use C:/BIB/2022/Analysis/Output/fig11.jpeg>
Package pdftex.def Info: C:/BIB/2022/Analysis/Output/fig11.jpeg  used on input line 181.
(pdftex.def)             Requested size: 452.96558pt x 226.48279pt.
<C:/BIB/2022/Analysis/Output/fig12.jpeg, id=40, 722.7pt x 361.35pt>
File: C:/BIB/2022/Analysis/Output/fig12.jpeg Graphic file (type jpg)
<use C:/BIB/2022/Analysis/Output/fig12.jpeg>
Package pdftex.def Info: C:/BIB/2022/Analysis/Output/fig12.jpeg  used on input line 188.
(pdftex.def)             Requested size: 452.96558pt x 226.48279pt.
[6 <c:/BIB/2022/Analysis/Output/fig11.jpeg> <c:/BIB/2022/Analysis/Output/fig12.jpeg>]
LaTeX Font Info:    Trying to load font information for U+msa on input line 200.
(c:/Users/Anton/AppData/Roaming/TinyTeX/texmf-dist/tex/latex/amsfonts/umsa.fd
File: umsa.fd 2013/01/14 v3.01 AMS symbols A
)
LaTeX Font Info:    Trying to load font information for U+msb on input line 200.
(c:/Users/Anton/AppData/Roaming/TinyTeX/texmf-dist/tex/latex/amsfonts/umsb.fd
File: umsb.fd 2013/01/14 v3.01 AMS symbols B
) [7]
Underfull \hbox (badness 1622) in paragraph at lines 273--276
[]\T1/PlyfrDisplay-LF/bold/n/12 Table 4 \T1/PlyfrDisplay-LF/regular/n/12 Adult Psy-chi-a-try - Dis-tri-bu-tion of im-pact fac-tor for pub-li-ca-tions with
 []

[8] [9] [10] [11]
Underfull \hbox (badness 1043) in paragraph at lines 623--631
\T1/PlyfrDisplay-LF/regular/n/10 Meyer, M. & \T1/PlyfrDisplay-LF/bold/n/10 Maria Michel, T.   \T1/PlyfrDisplay-LF/regular/n/10 Gen-er-a-tion and char-ac-ter-i-za-tion of in-duced pluripo-tent stem
 []


Underfull \hbox (badness 2903) in paragraph at lines 646--652
[]\T1/PlyfrDisplay-LF/bold/n/10 Kramer Schmidt, L.\T1/PlyfrDisplay-LF/regular/n/10 , \T1/PlyfrDisplay-LF/bold/n/10 An-der-sen, K. \T1/PlyfrDisplay-LF/regular/n/10 & \T1/PlyfrDisplay-LF/bold/n/10 So-gaard Nielsen, A.   \T1/PlyfrDisplay-LF/regular/n/10 Dif-fer-ences in the de-liv-ery of
 []


Underfull \hbox (badness 1845) in paragraph at lines 646--652
\T1/PlyfrDisplay-LF/regular/n/10 mo-ti-va-tional in-ter-view-ing across three coun-tries.   \T1/PlyfrDisplay-LF/regular/it/10 J Ethn Subst Abuse\T1/PlyfrDisplay-LF/regular/n/10 , 21(3):823-844.   DOI:
 []

[12]
Underfull \hbox (badness 1490) in paragraph at lines 671--676
\T1/PlyfrDisplay-LF/regular/n/10 Substance Re-lated and Sub-stance Re-lated Ad-dic-tive Be-haviours.   \T1/PlyfrDisplay-LF/regular/it/10 Sucht\T1/PlyfrDisplay-LF/regular/n/10 , 68(5):263-277.   DOI:
 []

[13] [14] [15] (./Report.aux)
Package rerunfilecheck Info: File `Report.out' has not changed.
(rerunfilecheck)             Checksum: D41D8CD98F00B204E9800998ECF8427E;0.
 ) 
Here is how much of TeX's memory you used:
 12968 strings out of 477984
 212158 string characters out of 5837741
 1899382 words of memory out of 5000000
 32896 multiletter control sequences out of 15000+600000
 618540 words of font info for 58 fonts, out of 8000000 for 9000
 14 hyphenation exceptions out of 8191
 75i,13n,80p,311b,463s stack positions out of 10000i,1000n,20000p,200000b,200000s
{c:/Users/Anton/AppData/Roaming/TinyTeX/texmf-dist/fonts/enc/dvips/playfair/plyfr_fmyrgi.enc}{c:/Users/Anton/AppData/Roaming/TinyTeX/texmf-dist/fonts/enc/dvips/playfair/plyfr_j7rmxo.enc}<c:/Users/Anton/AppData/Roaming/TinyTeX/texmf-dist/fonts/type1/public/playfair/PlyfrDisplay-Bold.pfb><c:/Users/Anton/AppData/Roaming/TinyTeX/texmf-dist/fonts/type1/public/playfair/PlyfrDisplay-BoldItalic.pfb><c:/Users/Anton/AppData/Roaming/TinyTeX/texmf-dist/fonts/type1/public/playfair/PlyfrDisplay-Italic.pfb><c:/Users/Anton/AppData/Roaming/TinyTeX/texmf-dist/fonts/type1/public/playfair/PlyfrDisplay-Regular.pfb>
Output written on Report.pdf (15 pages, 908193 bytes).
PDF statistics:
 197 PDF objects out of 1000 (max. 8388607)
 157 compressed objects within 2 object streams
 16 named destinations out of 1000 (max. 500000)
 61 words of extra memory for PDF output out of 10000 (max. 10000000)

